<?xml version="1.0" encoding="UTF-8"?>
<!-- Generated by org.testng.reporters.JUnitReportReporter -->
<testsuite skipped="0" hostname="LAPTOP-OG7HI8GS" name="com.google.googleSearch" tests="1" failures="0" timestamp="11 Dec 2018 14:45:59 GMT" time="5.755" errors="0">
  <testcase name="searchResults" time="5.755" classname="com.google.googleSearch"/>
</testsuite> <!-- com.google.googleSearch -->
