<?xml version="1.0" encoding="UTF-8"?>
<!-- Generated by org.testng.reporters.JUnitReportReporter -->
<testsuite skipped="3" hostname="LAPTOP-OG7HI8GS" name="Task" tests="4" failures="0" timestamp="04 Dec 2018 15:12:21 GMT" time="0.009" errors="0">
  <testcase name="register" time="0.008" classname="Task"/>
  <testcase name="search" time="0.001" classname="Task">
    <skipped/>
  </testcase> <!-- search -->
  <testcase name="buy" time="0.000" classname="Task">
    <skipped/>
  </testcase> <!-- buy -->
  <testcase name="pay" time="0.000" classname="Task">
    <skipped/>
  </testcase> <!-- pay -->
</testsuite> <!-- Task -->
