<?xml version="1.0" encoding="UTF-8"?>
<!-- Generated by org.testng.reporters.JUnitReportReporter -->
<testsuite skipped="0" hostname="LAPTOP-OG7HI8GS" name="testcases2.AppBeforeAfterMethod" tests="3" failures="0" timestamp="04 Dec 2018 20:20:49 GMT" time="0.011" errors="0">
  <testcase name="LoginTest" time="0.004" classname="testcases2.AppBeforeAfterMethod"/>
  <testcase name="PasswordChange" time="0.003" classname="testcases2.AppBeforeAfterMethod"/>
  <testcase name="LogoutTest" time="0.004" classname="testcases2.AppBeforeAfterMethod"/>
</testsuite> <!-- testcases2.AppBeforeAfterMethod -->
