<?xml version="1.0" encoding="UTF-8"?>
<!-- Generated by org.testng.reporters.JUnitReportReporter -->
<testsuite skipped="0" hostname="LAPTOP-OG7HI8GS" name="AppBeforeAfterMethod" tests="3" failures="0" timestamp="04 Dec 2018 15:14:36 GMT" time="0.014" errors="0">
  <testcase name="LoginTest" time="0.005" classname="AppBeforeAfterMethod"/>
  <testcase name="PasswordChange" time="0.008" classname="AppBeforeAfterMethod"/>
  <testcase name="LogoutTest" time="0.001" classname="AppBeforeAfterMethod"/>
</testsuite> <!-- AppBeforeAfterMethod -->
