<?xml version="1.0" encoding="UTF-8"?>
<!-- Generated by org.testng.reporters.JUnitReportReporter -->
<testsuite skipped="0" hostname="LAPTOP-OG7HI8GS" name="AppBeforeAfterSuite" tests="3" failures="0" timestamp="03 Dec 2018 17:53:23 GMT" time="0.004" errors="0">
  <testcase name="LoginTest" time="0.003" classname="AppBeforeAfterSuite"/>
  <testcase name="PasswordChange" time="0.001" classname="AppBeforeAfterSuite"/>
  <testcase name="LogoutTest" time="0.000" classname="AppBeforeAfterSuite"/>
</testsuite> <!-- AppBeforeAfterSuite -->
