<?xml version="1.0" encoding="UTF-8"?>
<!-- Generated by org.testng.reporters.JUnitReportReporter -->
<testsuite skipped="0" hostname="LAPTOP-OG7HI8GS" name="testcases.App" tests="3" failures="0" timestamp="04 Dec 2018 20:22:40 GMT" time="0.008" errors="0">
  <testcase name="LogoutTest" time="0.001" classname="testcases.App"/>
  <testcase name="PasswordChange" time="0.001" classname="testcases.App"/>
  <testcase name="LoginTest" time="0.006" classname="testcases.App"/>
</testsuite> <!-- testcases.App -->
