<?xml version="1.0" encoding="UTF-8"?>
<!-- Generated by org.testng.reporters.JUnitReportReporter -->
<testsuite skipped="1" hostname="LAPTOP-OG7HI8GS" name="testcases.AppSkipTest2" tests="2" failures="0" timestamp="04 Dec 2018 20:22:40 GMT" time="0.000" errors="0">
  <testcase name="LoginTest" time="0.000" classname="testcases.AppSkipTest2"/>
  <testcase name="LogoutTest" classname="testcases.AppSkipTest2">
    <skipped/>
  </testcase> <!-- LogoutTest -->
</testsuite> <!-- testcases.AppSkipTest2 -->
