<?xml version="1.0" encoding="UTF-8"?>
<!-- Generated by org.testng.reporters.JUnitReportReporter -->
<testsuite skipped="1" hostname="LAPTOP-OG7HI8GS" name="AppDataProvider" tests="4" failures="0" timestamp="04 Dec 2018 16:13:50 GMT" time="0.008" errors="0">
  <testcase name="logintest2" time="0.001" classname="AppDataProvider"/>
  <testcase name="logintest2" time="0.001" classname="AppDataProvider"/>
  <testcase name="logintest2" time="0.006" classname="AppDataProvider"/>
  <testcase name="loginTest" classname="AppDataProvider">
    <skipped/>
  </testcase> <!-- loginTest -->
</testsuite> <!-- AppDataProvider -->
