<?xml version="1.0" encoding="UTF-8"?>
<!-- Generated by org.testng.reporters.JUnitReportReporter -->
<testsuite skipped="1" hostname="LAPTOP-OG7HI8GS" name="AppSkipTest" tests="3" failures="0" timestamp="03 Dec 2018 18:03:35 GMT" time="0.007" errors="0">
  <testcase name="LoginTest" time="0.004" classname="AppSkipTest"/>
  <testcase name="PasswordChange" time="0.002" classname="AppSkipTest">
    <skipped/>
  </testcase> <!-- PasswordChange -->
  <testcase name="LogoutTest" time="0.001" classname="AppSkipTest"/>
</testsuite> <!-- AppSkipTest -->
