<?xml version="1.0" encoding="UTF-8"?>
<!-- Generated by org.testng.reporters.JUnitReportReporter -->
<testsuite skipped="0" hostname="LAPTOP-OG7HI8GS" name="AddDependsOnMethod" tests="3" failures="0" timestamp="03 Dec 2018 19:37:46 GMT" time="0.022" errors="0">
  <testcase name="LoginTest" time="0.018" classname="AddDependsOnMethod"/>
  <testcase name="PasswordChange" time="0.002" classname="AddDependsOnMethod"/>
  <testcase name="LogoutTest" time="0.002" classname="AddDependsOnMethod"/>
</testsuite> <!-- AddDependsOnMethod -->
