<?xml version="1.0" encoding="UTF-8"?>
<!-- Generated by org.testng.reporters.JUnitReportReporter -->
<testsuite skipped="1" hostname="LAPTOP-OG7HI8GS" name="testcases.AppDataProvider" tests="4" failures="0" timestamp="04 Dec 2018 20:22:40 GMT" time="0.003" errors="0">
  <testcase name="logintest2" time="0.001" classname="testcases.AppDataProvider"/>
  <testcase name="logintest2" time="0.001" classname="testcases.AppDataProvider"/>
  <testcase name="logintest2" time="0.001" classname="testcases.AppDataProvider"/>
  <testcase name="loginTest" classname="testcases.AppDataProvider">
    <skipped/>
  </testcase> <!-- loginTest -->
</testsuite> <!-- testcases.AppDataProvider -->
