<?xml version="1.0" encoding="UTF-8"?>
<!-- Generated by org.testng.reporters.JUnitReportReporter -->
<testsuite skipped="0" hostname="LAPTOP-OG7HI8GS" name="testcases2.AppBeforeAfterTest" tests="3" failures="0" timestamp="04 Dec 2018 20:20:49 GMT" time="0.005" errors="0">
  <testcase name="LoginTest" time="0.002" classname="testcases2.AppBeforeAfterTest"/>
  <testcase name="PasswordChange" time="0.002" classname="testcases2.AppBeforeAfterTest"/>
  <testcase name="LogoutTest" time="0.001" classname="testcases2.AppBeforeAfterTest"/>
</testsuite> <!-- testcases2.AppBeforeAfterTest -->
