<?xml version="1.0" encoding="UTF-8"?>
<!-- Generated by org.testng.reporters.JUnitReportReporter -->
<testsuite skipped="0" hostname="LAPTOP-OG7HI8GS" name="AppBeforeAfterTest" tests="3" failures="0" timestamp="04 Dec 2018 15:13:46 GMT" time="0.008" errors="0">
  <testcase name="LoginTest" time="0.004" classname="AppBeforeAfterTest"/>
  <testcase name="PasswordChange" time="0.002" classname="AppBeforeAfterTest"/>
  <testcase name="LogoutTest" time="0.002" classname="AppBeforeAfterTest"/>
</testsuite> <!-- AppBeforeAfterTest -->
