<?xml version="1.0" encoding="UTF-8"?>
<!-- Generated by org.testng.reporters.JUnitReportReporter -->
<testsuite skipped="0" hostname="LAPTOP-OG7HI8GS" name="AppPriority" tests="3" failures="0" timestamp="03 Dec 2018 17:39:29 GMT" time="0.010" errors="0">
  <testcase name="LoginTest" time="0.008" classname="AppPriority"/>
  <testcase name="PasswordChange" time="0.001" classname="AppPriority"/>
  <testcase name="LogoutTest" time="0.001" classname="AppPriority"/>
</testsuite> <!-- AppPriority -->
