<?xml version="1.0" encoding="UTF-8"?>
<!-- Generated by org.testng.reporters.JUnitReportReporter -->
<testsuite skipped="0" hostname="LAPTOP-OG7HI8GS" name="pomdesign.WebOrder" tests="1" failures="0" timestamp="12 Dec 2018 20:09:10 GMT" time="1.065" errors="0">
  <testcase name="labelsVerification" time="1.065" classname="pomdesign.WebOrder"/>
</testsuite> <!-- pomdesign.WebOrder -->
