<?xml version="1.0" encoding="UTF-8"?>
<!-- Generated by org.testng.reporters.JUnitReportReporter -->
<testsuite skipped="0" hostname="LAPTOP-OG7HI8GS" name="pomdesign.WebOrderLoginTest" tests="3" failures="0" timestamp="12 Dec 2018 20:09:10 GMT" time="1.001" errors="0">
  <testcase name="invalidLogin" time="0.421" classname="pomdesign.WebOrderLoginTest"/>
  <testcase name="loginUsingPOM" time="0.273" classname="pomdesign.WebOrderLoginTest"/>
  <testcase name="login" time="0.307" classname="pomdesign.WebOrderLoginTest"/>
</testsuite> <!-- pomdesign.WebOrderLoginTest -->
