<?xml version="1.0" encoding="UTF-8"?>
<!-- Generated by org.testng.reporters.JUnitReportReporter -->
<testsuite skipped="1" hostname="LAPTOP-OG7HI8GS" name="pomdesign.WebOrderLoginTest" tests="3" failures="0" timestamp="12 Dec 2018 18:04:15 GMT" time="0.548" errors="0">
  <testcase name="loginUsingPOM" time="0.203" classname="pomdesign.WebOrderLoginTest"/>
  <testcase name="invalidLogin" time="0.345" classname="pomdesign.WebOrderLoginTest"/>
  <testcase name="login" classname="pomdesign.WebOrderLoginTest">
    <skipped/>
  </testcase> <!-- login -->
</testsuite> <!-- pomdesign.WebOrderLoginTest -->
