<?xml version="1.0" encoding="UTF-8"?>
<!-- Generated by org.testng.reporters.JUnitReportReporter -->
<testsuite skipped="0" hostname="LAPTOP-OG7HI8GS" name="com.grid.gridTest2" tests="1" failures="0" timestamp="11 Dec 2018 17:34:27 GMT" time="10.767" errors="0">
  <testcase name="login" time="10.767" classname="com.grid.gridTest2"/>
</testsuite> <!-- com.grid.gridTest2 -->
