<?xml version="1.0" encoding="UTF-8"?>
<!-- Generated by org.testng.reporters.JUnitReportReporter -->
<testsuite skipped="0" hostname="LAPTOP-OG7HI8GS" name="com.grid.gridTest" tests="1" failures="0" timestamp="11 Dec 2018 17:34:27 GMT" time="7.206" errors="0">
  <testcase name="login" time="7.206" classname="com.grid.gridTest"/>
</testsuite> <!-- com.grid.gridTest -->
