<?xml version="1.0" encoding="UTF-8"?>
<!-- Generated by org.testng.reporters.JUnitReportReporter -->
<testsuite skipped="0" hostname="LAPTOP-OG7HI8GS" name="pomdesign.loginTest" tests="1" failures="0" timestamp="18 Dec 2018 20:44:34 GMT" time="2.256" errors="0">
  <testcase name="login" time="2.256" classname="pomdesign.loginTest"/>
</testsuite> <!-- pomdesign.loginTest -->
