<?xml version="1.0" encoding="UTF-8"?>
<!-- Generated by org.testng.reporters.JUnitReportReporter -->
<testsuite skipped="0" hostname="LAPTOP-OG7HI8GS" name="pomdesign.logoutTest" tests="2" failures="0" timestamp="18 Dec 2018 20:44:34 GMT" time="2.394" errors="0">
  <testcase name="logout" time="1.059" classname="pomdesign.logoutTest"/>
  <testcase name="login" time="1.335" classname="pomdesign.logoutTest"/>
</testsuite> <!-- pomdesign.logoutTest -->
