<?xml version="1.0" encoding="UTF-8"?>
<!-- Generated by org.testng.reporters.JUnitReportReporter -->
<testsuite skipped="0" hostname="LAPTOP-OG7HI8GS" name="com.newtours.loginTest" tests="1" failures="0" timestamp="08 Dec 2018 17:23:13 GMT" time="3.933" errors="0">
  <testcase name="login" time="3.933" classname="com.newtours.loginTest"/>
</testsuite> <!-- com.newtours.loginTest -->
