<?xml version="1.0" encoding="UTF-8"?>
<!-- Generated by org.testng.reporters.JUnitReportReporter -->
<testsuite skipped="0" hostname="LAPTOP-OG7HI8GS" name="cybertek.YahooTest" tests="1" failures="0" timestamp="07 Dec 2018 15:10:19 GMT" time="8.987" errors="0">
  <testcase name="navigatetoyahoo" time="8.987" classname="cybertek.YahooTest"/>
</testsuite> <!-- cybertek.YahooTest -->
