<?xml version="1.0" encoding="UTF-8"?>
<!-- Generated by org.testng.reporters.JUnitReportReporter -->
<testsuite skipped="0" hostname="LAPTOP-OG7HI8GS" name="cybertek2.ABCTest" tests="1" failures="0" timestamp="07 Dec 2018 15:10:19 GMT" time="6.200" errors="0">
  <testcase name="navigatetoabc" time="6.200" classname="cybertek2.ABCTest"/>
</testsuite> <!-- cybertek2.ABCTest -->
