<?xml version="1.0" encoding="UTF-8"?>
<!-- Generated by org.testng.reporters.JUnitReportReporter -->
<testsuite skipped="0" hostname="LAPTOP-OG7HI8GS" name="cybertek.AmazonTest" tests="1" failures="0" timestamp="07 Dec 2018 15:10:19 GMT" time="9.639" errors="0">
  <testcase name="navigatetoamazon" time="9.639" classname="cybertek.AmazonTest"/>
</testsuite> <!-- cybertek.AmazonTest -->
