<?xml version="1.0" encoding="UTF-8"?>
<!-- Generated by org.testng.reporters.JUnitReportReporter -->
<testsuite skipped="0" hostname="LAPTOP-OG7HI8GS" name="com.prestashop.Prestashopnegative" tests="4" failures="0" timestamp="14 Dec 2018 22:46:16 GMT" time="9.303" errors="0">
  <testcase name="blankpasword" time="2.235" classname="com.prestashop.Prestashopnegative"/>
  <testcase name="blankemail" time="2.709" classname="com.prestashop.Prestashopnegative"/>
  <testcase name="invalidemail" time="2.215" classname="com.prestashop.Prestashopnegative"/>
  <testcase name="wrongemail" time="2.144" classname="com.prestashop.Prestashopnegative"/>
</testsuite> <!-- com.prestashop.Prestashopnegative -->
