<?xml version="1.0" encoding="UTF-8"?>
<!-- Generated by org.testng.reporters.JUnitReportReporter -->
<testsuite skipped="4" hostname="LAPTOP-OG7HI8GS" name="com.prestashop.tests.Prestashopnegative" tests="4" failures="0" timestamp="13 Dec 2018 23:30:19 GMT" time="0.000" errors="0">
  <testcase name="blankemail" time="0.000" classname="com.prestashop.tests.Prestashopnegative">
    <skipped/>
  </testcase> <!-- blankemail -->
  <testcase name="wrongemail" time="0.000" classname="com.prestashop.tests.Prestashopnegative">
    <skipped/>
  </testcase> <!-- wrongemail -->
  <testcase name="blankpasword" time="0.000" classname="com.prestashop.tests.Prestashopnegative">
    <skipped/>
  </testcase> <!-- blankpasword -->
  <testcase name="invalidemail" time="0.000" classname="com.prestashop.tests.Prestashopnegative">
    <skipped/>
  </testcase> <!-- invalidemail -->
</testsuite> <!-- com.prestashop.tests.Prestashopnegative -->
