<?xml version="1.0" encoding="UTF-8"?>
<!-- Generated by org.testng.reporters.JUnitReportReporter -->
<testsuite skipped="1" hostname="LAPTOP-OG7HI8GS" name="com.prestashop.Prestashopingpositive" tests="2" failures="0" timestamp="14 Dec 2018 22:46:16 GMT" time="5.455" errors="0">
  <testcase name="login" time="5.455" classname="com.prestashop.Prestashopingpositive"/>
  <testcase name="logback" classname="com.prestashop.Prestashopingpositive">
    <skipped/>
  </testcase> <!-- logback -->
</testsuite> <!-- com.prestashop.Prestashopingpositive -->
