<?xml version="1.0" encoding="UTF-8"?>
<!-- Generated by org.testng.reporters.JUnitReportReporter -->
<testsuite skipped="0" hostname="LAPTOP-OG7HI8GS" name="pomDesign.culculatorLoginTest" tests="1" failures="0" timestamp="20 Dec 2018 00:33:05 GMT" time="19.558" errors="0">
  <testcase name="calculateTest" time="19.558" classname="pomDesign.culculatorLoginTest"/>
</testsuite> <!-- pomDesign.culculatorLoginTest -->
