<?xml version="1.0" encoding="UTF-8"?>
<!-- Generated by org.testng.reporters.JUnitReportReporter -->
<testsuite skipped="0" hostname="LAPTOP-OG7HI8GS" name="pomdesign.loginTest" tests="1" failures="0" timestamp="17 Dec 2018 23:07:12 GMT" time="1.052" errors="0">
  <testcase name="loginTest" time="1.052" classname="pomdesign.loginTest"/>
</testsuite> <!-- pomdesign.loginTest -->
