<?xml version="1.0" encoding="UTF-8"?>
<!-- Generated by org.testng.reporters.JUnitReportReporter -->
<testsuite skipped="0" hostname="LAPTOP-OG7HI8GS" name="com.cybertek.sauceTest" tests="1" failures="0" timestamp="20 Dec 2018 16:41:23 GMT" time="17.567" errors="0">
  <testcase name="login" time="17.567" classname="com.cybertek.sauceTest"/>
</testsuite> <!-- com.cybertek.sauceTest -->
